20201120-13:13:25 Predicting "latent":
20201120-13:13:37 "latent" 1 / 20: 01
20201120-13:13:51 Predict time: 14s
20201120-13:13:51 "latent" 2 / 20: 02
20201120-13:14:06 Predict time: 14s
20201120-13:14:06 "latent" 3 / 20: 03
20201120-13:14:21 Predict time: 14s
20201120-13:14:21 "latent" 4 / 20: 04
20201120-13:14:33 Predict time: 12s
20201120-13:14:33 "latent" 5 / 20: 05
20201120-13:14:49 Predict time: 15s
20201120-13:14:49 "latent" 6 / 20: 06
20201120-13:15:00 Predict time: 11s
20201120-13:15:00 "latent" 7 / 20: 07
20201120-13:15:12 Predict time: 11s
20201120-13:15:12 "latent" 8 / 20: 08
20201120-13:15:25 Predict time: 12s
20201120-13:15:25 "latent" 9 / 20: 09
20201120-13:15:37 Predict time: 12s
20201120-13:15:37 "latent" 10 / 20: 10
20201120-13:15:51 Predict time: 13s
20201120-13:15:51 "latent" 11 / 20: 11
20201120-13:16:04 Predict time: 12s
20201120-13:16:04 "latent" 12 / 20: 12
20201120-13:16:18 Predict time: 14s
20201120-13:16:18 "latent" 13 / 20: 13
20201120-13:16:30 Predict time: 12s
20201120-13:16:30 "latent" 14 / 20: 14
20201120-13:16:42 Predict time: 11s
20201120-13:16:42 "latent" 15 / 20: 15
20201120-13:16:57 Predict time: 15s
20201120-13:16:57 "latent" 16 / 20: 16
20201120-13:17:16 Predict time: 18s
20201120-13:17:16 "latent" 17 / 20: 17
20201120-13:17:36 Predict time: 20s
20201120-13:17:36 "latent" 18 / 20: 18
20201120-13:17:52 Predict time: 15s
20201120-13:17:52 "latent" 19 / 20: 19
20201120-13:18:08 Predict time: 16s
20201120-13:18:08 "latent" 20 / 20: 20
20201120-13:18:20 Predict time: 12s
20201120-13:18:21 Predicting "examplar":
20201120-13:18:33 "examplar" 1 / 20: 01
20201120-13:19:07 Predict time: 34s
20201120-13:19:07 "examplar" 2 / 20: 02
20201120-13:19:35 Predict time: 28s
20201120-13:19:35 "examplar" 3 / 20: 03
20201120-13:20:01 Predict time: 26s
20201120-13:20:01 "examplar" 4 / 20: 04
20201120-13:20:29 Predict time: 28s
20201120-13:20:29 "examplar" 5 / 20: 05
20201120-13:20:58 Predict time: 28s
20201120-13:20:58 "examplar" 6 / 20: 06
20201120-13:21:24 Predict time: 26s
20201120-13:21:24 "examplar" 7 / 20: 07
20201120-13:21:57 Predict time: 32s
20201120-13:21:57 "examplar" 8 / 20: 08
20201120-13:22:24 Predict time: 27s
20201120-13:22:24 "examplar" 9 / 20: 09
20201120-13:22:56 Predict time: 31s
20201120-13:22:56 "examplar" 10 / 20: 10
20201120-13:23:25 Predict time: 29s
20201120-13:23:25 "examplar" 11 / 20: 11
20201120-13:23:51 Predict time: 26s
20201120-13:23:51 "examplar" 12 / 20: 12
20201120-13:24:25 Predict time: 33s
20201120-13:24:25 "examplar" 13 / 20: 13
20201120-13:24:56 Predict time: 30s
20201120-13:24:56 "examplar" 14 / 20: 14
20201120-13:25:25 Predict time: 29s
20201120-13:25:25 "examplar" 15 / 20: 15
20201120-13:25:51 Predict time: 25s
20201120-13:25:51 "examplar" 16 / 20: 16
20201120-13:26:22 Predict time: 31s
20201120-13:26:22 "examplar" 17 / 20: 17
20201120-13:26:51 Predict time: 29s
20201120-13:26:51 "examplar" 18 / 20: 18
20201120-13:27:19 Predict time: 27s
20201120-13:27:19 "examplar" 19 / 20: 19
20201120-13:27:53 Predict time: 33s
20201120-13:27:53 "examplar" 20 / 20: 20
20201120-13:28:21 Predict time: 28s
