20201209-22:37:14 Predicting "test":
20201209-22:37:28 "test" 1 / 1: 7
20201209-22:38:03 Predict time: 35s
20201209-22:38:03 findfont: Matching sans\-serif:style=normal:variant=normal:weight=normal:stretch=normal:size=10.0.
20201209-22:38:03 findfont: score(<Font 'DejaVu Serif Display' (DejaVuSerifDisplay.ttf) normal normal 400 normal>) = 10.05
20201209-22:38:03 findfont: score(<Font 'DejaVu Serif' (DejaVuSerif-BoldItalic.ttf) italic normal 700 normal>) = 11.335
20201209-22:38:03 findfont: score(<Font 'STIXNonUnicode' (STIXNonUniBol.ttf) normal normal 700 normal>) = 10.335
20201209-22:38:03 findfont: score(<Font 'STIXNonUnicode' (STIXNonUniBolIta.ttf) italic normal 700 normal>) = 11.335
20201209-22:38:03 findfont: score(<Font 'STIXSizeFourSym' (STIXSizFourSymBol.ttf) normal normal 700 normal>) = 10.335
20201209-22:38:04 findfont: score(<Font 'DejaVu Sans Display' (DejaVuSansDisplay.ttf) normal normal 400 normal>) = 10.05
20201209-22:38:04 findfont: score(<Font 'DejaVu Sans' (DejaVuSans-Bold.ttf) normal normal 700 normal>) = 0.33499999999999996
20201209-22:38:04 findfont: score(<Font 'STIXNonUnicode' (STIXNonUniIta.ttf) italic normal 400 normal>) = 11.05
20201209-22:38:04 findfont: score(<Font 'STIXGeneral' (STIXGeneralBolIta.ttf) italic normal 700 normal>) = 11.335
20201209-22:38:04 findfont: score(<Font 'STIXSizeFourSym' (STIXSizFourSymReg.ttf) normal normal 400 normal>) = 10.05
20201209-22:38:04 findfont: score(<Font 'STIXSizeThreeSym' (STIXSizThreeSymBol.ttf) normal normal 700 normal>) = 10.335
20201209-22:38:04 findfont: score(<Font 'cmss10' (cmss10.ttf) normal normal 400 normal>) = 10.05
20201209-22:38:04 findfont: score(<Font 'DejaVu Sans' (DejaVuSans-BoldOblique.ttf) oblique normal 700 normal>) = 1.335
20201209-22:38:04 findfont: score(<Font 'cmsy10' (cmsy10.ttf) normal normal 400 normal>) = 10.05
20201209-22:38:04 findfont: score(<Font 'DejaVu Sans Mono' (DejaVuSansMono-BoldOblique.ttf) oblique normal 700 normal>) = 11.335
20201209-22:38:04 findfont: score(<Font 'cmtt10' (cmtt10.ttf) normal normal 400 normal>) = 10.05
20201209-22:38:04 findfont: score(<Font 'DejaVu Sans' (DejaVuSans.ttf) normal normal 400 normal>) = 0.05
20201209-22:38:04 findfont: score(<Font 'DejaVu Sans Mono' (DejaVuSansMono-Oblique.ttf) oblique normal 400 normal>) = 11.05
20201209-22:38:04 findfont: score(<Font 'DejaVu Serif' (DejaVuSerif-Bold.ttf) normal normal 700 normal>) = 10.335
20201209-22:38:04 findfont: score(<Font 'cmr10' (cmr10.ttf) normal normal 400 normal>) = 10.05
20201209-22:38:04 findfont: score(<Font 'cmex10' (cmex10.ttf) normal normal 400 normal>) = 10.05
20201209-22:38:04 findfont: score(<Font 'STIXSizeTwoSym' (STIXSizTwoSymBol.ttf) normal normal 700 normal>) = 10.335
20201209-22:38:04 findfont: score(<Font 'STIXGeneral' (STIXGeneralItalic.ttf) italic normal 400 normal>) = 11.05
20201209-22:38:04 findfont: score(<Font 'STIXSizeOneSym' (STIXSizOneSymReg.ttf) normal normal 400 normal>) = 10.05
20201209-22:38:04 findfont: score(<Font 'STIXSizeOneSym' (STIXSizOneSymBol.ttf) normal normal 700 normal>) = 10.335
20201209-22:38:04 findfont: score(<Font 'DejaVu Serif' (DejaVuSerif-Italic.ttf) italic normal 400 normal>) = 11.05
20201209-22:38:04 findfont: score(<Font 'STIXGeneral' (STIXGeneral.ttf) normal normal 400 normal>) = 10.05
20201209-22:38:04 findfont: score(<Font 'cmb10' (cmb10.ttf) normal normal 400 normal>) = 10.05
20201209-22:38:04 findfont: score(<Font 'STIXGeneral' (STIXGeneralBol.ttf) normal normal 700 normal>) = 10.335
20201209-22:38:04 findfont: score(<Font 'DejaVu Sans Mono' (DejaVuSansMono.ttf) normal normal 400 normal>) = 10.05
20201209-22:38:04 findfont: score(<Font 'STIXSizeTwoSym' (STIXSizTwoSymReg.ttf) normal normal 400 normal>) = 10.05
20201209-22:38:04 findfont: score(<Font 'STIXNonUnicode' (STIXNonUni.ttf) normal normal 400 normal>) = 10.05
20201209-22:38:04 findfont: score(<Font 'DejaVu Sans' (DejaVuSans-Oblique.ttf) oblique normal 400 normal>) = 1.05
20201209-22:38:04 findfont: score(<Font 'cmmi10' (cmmi10.ttf) normal normal 400 normal>) = 10.05
20201209-22:38:04 findfont: score(<Font 'DejaVu Serif' (DejaVuSerif.ttf) normal normal 400 normal>) = 10.05
20201209-22:38:04 findfont: score(<Font 'STIXSizeThreeSym' (STIXSizThreeSymReg.ttf) normal normal 400 normal>) = 10.05
20201209-22:38:04 findfont: score(<Font 'DejaVu Sans Mono' (DejaVuSansMono-Bold.ttf) normal normal 700 normal>) = 10.335
20201209-22:38:04 findfont: score(<Font 'STIXSizeFiveSym' (STIXSizFiveSymReg.ttf) normal normal 400 normal>) = 10.05
20201209-22:38:04 findfont: score(<Font 'Nirmala UI' (NirmalaS.ttf) normal normal 350 normal>) = 10.0975
20201209-22:38:04 findfont: score(<Font 'Sitka Small' (SitkaI.ttc) italic normal 400 normal>) = 11.05
20201209-22:38:04 findfont: score(<Font 'Cambria' (cambria.ttc) normal normal 400 normal>) = 10.05
20201209-22:38:04 findfont: score(<Font 'Consolas' (consolaz.ttf) italic normal 700 normal>) = 11.335
20201209-22:38:04 findfont: score(<Font 'Yu Gothic' (YuGothM.ttc) normal normal 500 normal>) = 10.145
20201209-22:38:04 findfont: score(<Font 'Corbel' (corbelb.ttf) normal normal 700 normal>) = 10.335
20201209-22:38:04 findfont: score(<Font 'Microsoft Himalaya' (himalaya.ttf) normal normal 400 normal>) = 10.05
20201209-22:38:04 findfont: score(<Font 'Microsoft JhengHei' (msjh.ttc) normal normal 400 normal>) = 10.05
20201209-22:38:04 findfont: score(<Font 'Leelawadee UI' (LeelUIsl.ttf) normal normal 350 normal>) = 10.0975
20201209-22:38:04 findfont: score(<Font 'Yu Gothic' (YuGothB.ttc) normal normal 700 normal>) = 10.335
20201209-22:38:04 findfont: score(<Font 'Microsoft PhagsPa' (phagspa.ttf) normal normal 400 normal>) = 10.05
20201209-22:38:04 findfont: score(<Font 'Microsoft JhengHei' (msjh.ttc) normal normal 400 normal>) = 10.05
20201209-22:38:04 findfont: score(<Font 'Trebuchet MS' (trebucit.ttf) italic normal 400 normal>) = 11.05
20201209-22:38:04 findfont: score(<Font 'Georgia' (georgiaz.ttf) italic normal 700 normal>) = 11.335
20201209-22:38:04 findfont: score(<Font 'Microsoft YaHei' (msyhbd.ttc) normal normal 700 normal>) = 10.335
20201209-22:38:04 findfont: score(<Font 'Courier New' (couri.ttf) italic normal 400 normal>) = 11.05
20201209-22:38:04 findfont: score(<Font 'Segoe Script' (segoesc.ttf) normal normal 400 normal>) = 10.05
20201209-22:38:04 findfont: score(<Font 'MV Boli' (mvboli.ttf) normal normal 400 normal>) = 10.05
20201209-22:38:04 findfont: score(<Font 'Candara' (Candarai.ttf) italic normal 400 normal>) = 11.05
20201209-22:38:04 findfont: score(<Font 'Myanmar Text' (mmrtext.ttf) normal normal 400 normal>) = 10.05
20201209-22:38:04 findfont: score(<Font 'Segoe UI' (segoeuii.ttf) italic normal 400 normal>) = 11.05
20201209-22:38:04 findfont: score(<Font 'Corbel' (corbel.ttf) normal normal 400 normal>) = 10.05
20201209-22:38:04 findfont: score(<Font 'MingLiU-ExtB' (mingliub.ttc) normal normal 400 normal>) = 10.05
20201209-22:38:04 findfont: score(<Font 'Constantia' (constan.ttf) normal normal 400 normal>) = 10.05
20201209-22:38:04 findfont: score(<Font 'Segoe UI Emoji' (seguiemj.ttf) normal normal 400 normal>) = 10.05
20201209-22:38:04 findfont: score(<Font 'Cambria' (cambriab.ttf) normal normal 700 normal>) = 10.335
20201209-22:38:04 findfont: score(<Font 'Microsoft New Tai Lue' (ntailu.ttf) normal normal 400 normal>) = 10.05
20201209-22:38:04 findfont: score(<Font 'Microsoft YaHei' (msyhl.ttc) normal normal 290 normal>) = 10.1545
20201209-22:38:04 findfont: score(<Font 'Segoe UI' (seguisb.ttf) normal normal 600 normal>) = 10.24
20201209-22:38:04 findfont: score(<Font 'Cambria' (cambriab.ttf) normal normal 700 normal>) = 10.335
20201209-22:38:04 findfont: score(<Font 'Malgun Gothic' (malgun.ttf) normal normal 400 normal>) = 10.05
20201209-22:38:04 findfont: score(<Font 'Myanmar Text' (mmrtextb.ttf) normal normal 700 normal>) = 10.335
20201209-22:38:04 findfont: score(<Font 'Trebuchet MS' (trebucbi.ttf) italic normal 700 normal>) = 11.335
20201209-22:38:04 findfont: score(<Font 'Yu Gothic' (YuGothL.ttc) normal normal 300 normal>) = 10.145
20201209-22:38:04 findfont: score(<Font 'Cambria' (cambria.ttc) normal normal 400 normal>) = 10.05
20201209-22:38:04 findfont: score(<Font 'Candara' (Candarab.ttf) normal normal 700 normal>) = 10.335
20201209-22:38:04 findfont: score(<Font 'MV Boli' (mvboli.ttf) normal normal 400 normal>) = 10.05
20201209-22:38:04 findfont: score(<Font 'Calibri' (calibrili.ttf) italic normal 300 normal>) = 11.145
20201209-22:38:04 findfont: score(<Font 'Palatino Linotype' (palab.ttf) normal normal 700 normal>) = 10.335
20201209-22:38:04 findfont: score(<Font 'Segoe UI' (seguisbi.ttf) italic normal 600 normal>) = 11.24
20201209-22:38:04 findfont: score(<Font 'Segoe UI' (segoeuiz.ttf) italic normal 700 normal>) = 11.335
20201209-22:38:04 findfont: score(<Font 'MS Gothic' (msgothic.ttc) normal normal 400 normal>) = 10.05
20201209-22:38:04 findfont: score(<Font 'Segoe UI' (seguibl.ttf) normal normal 900 normal>) = 10.525
20201209-22:38:04 findfont: score(<Font 'Ink Free' (Inkfree.ttf) normal normal 400 normal>) = 10.05
20201209-22:38:04 findfont: score(<Font 'Yu Gothic' (YuGothB.ttc) normal normal 700 normal>) = 10.335
20201209-22:38:04 findfont: score(<Font 'Arial' (ariblk.ttf) normal normal 900 normal>) = 6.888636363636364
20201209-22:38:04 findfont: score(<Font 'Ebrima' (ebrima.ttf) normal normal 400 normal>) = 10.05
20201209-22:38:04 findfont: score(<Font 'Segoe UI' (segoeuisl.ttf) normal normal 350 normal>) = 10.0975
20201209-22:38:04 findfont: score(<Font 'Comic Sans MS' (comici.ttf) italic normal 400 normal>) = 11.05
20201209-22:38:04 findfont: score(<Font 'Myanmar Text' (mmrtextb.ttf) normal normal 700 normal>) = 10.335
20201209-22:38:04 findfont: score(<Font 'Cambria' (cambriaz.ttf) italic normal 700 normal>) = 11.335
20201209-22:38:04 findfont: score(<Font 'SimSun' (simsun.ttc) normal normal 400 normal>) = 10.05
20201209-22:38:04 findfont: score(<Font 'Candara' (Candarab.ttf) normal normal 700 normal>) = 10.335
20201209-22:38:04 findfont: score(<Font 'Candara' (Candarali.ttf) italic normal 400 normal>) = 11.05
20201209-22:38:04 findfont: score(<Font 'Microsoft New Tai Lue' (ntailu.ttf) normal normal 400 normal>) = 10.05
20201209-22:38:04 findfont: score(<Font 'Webdings' (webdings.ttf) normal normal 400 normal>) = 10.05
20201209-22:38:04 findfont: score(<Font 'Microsoft New Tai Lue' (ntailub.ttf) normal normal 700 normal>) = 10.335
20201209-22:38:04 findfont: score(<Font 'Palatino Linotype' (palab.ttf) normal normal 700 normal>) = 10.335
20201209-22:38:04 findfont: score(<Font 'Times New Roman' (timesbi.ttf) italic normal 700 normal>) = 11.335
20201209-22:38:04 findfont: score(<Font 'Symbol' (symbol.ttf) normal normal 400 normal>) = 10.05
20201209-22:38:04 findfont: score(<Font 'Wingdings' (wingding.ttf) normal normal 400 normal>) = 10.05
20201209-22:38:04 findfont: score(<Font 'Candara' (Candaral.ttf) normal normal 400 normal>) = 10.05
20201209-22:38:04 findfont: score(<Font 'Calibri' (calibrib.ttf) normal normal 700 normal>) = 10.335
20201209-22:38:04 findfont: score(<Font 'Comic Sans MS' (comic.ttf) normal normal 400 normal>) = 10.05
20201209-22:38:04 findfont: score(<Font 'Palatino Linotype' (pala.ttf) normal normal 400 normal>) = 10.05
20201209-22:38:04 findfont: score(<Font 'Leelawadee UI' (LeelaUIb.ttf) normal normal 700 normal>) = 10.335
20201209-22:38:04 findfont: score(<Font 'Times New Roman' (timesbd.ttf) normal normal 700 normal>) = 10.335
20201209-22:38:04 findfont: score(<Font 'Corbel' (corbeli.ttf) italic normal 400 normal>) = 11.05
20201209-22:38:04 findfont: score(<Font 'Candara' (Candaraz.ttf) italic normal 700 normal>) = 11.335
20201209-22:38:04 findfont: score(<Font 'Corbel' (corbelli.ttf) italic normal 300 normal>) = 11.145
20201209-22:38:04 findfont: score(<Font 'Impact' (impact.ttf) normal normal 400 normal>) = 10.05
20201209-22:38:04 findfont: score(<Font 'Impact' (impact.ttf) normal normal 400 normal>) = 10.05
20201209-22:38:04 findfont: score(<Font 'Nirmala UI' (NirmalaS.ttf) normal normal 350 normal>) = 10.0975
20201209-22:38:04 findfont: score(<Font 'Candara' (Candaraz.ttf) italic normal 700 normal>) = 11.335
20201209-22:38:04 findfont: score(<Font 'Tahoma' (tahomabd.ttf) normal normal 700 normal>) = 10.335
20201209-22:38:04 findfont: score(<Font 'Franklin Gothic Medium' (framdit.ttf) italic normal 400 normal>) = 11.05
20201209-22:38:04 findfont: score(<Font 'Sylfaen' (sylfaen.ttf) normal normal 400 normal>) = 10.05
20201209-22:38:04 findfont: score(<Font 'Comic Sans MS' (comicz.ttf) italic normal 700 normal>) = 11.335
20201209-22:38:04 findfont: score(<Font 'Javanese Text' (javatext.ttf) normal normal 400 normal>) = 10.05
20201209-22:38:04 findfont: score(<Font 'Leelawadee UI' (LeelawUI.ttf) normal normal 400 normal>) = 10.05
20201209-22:38:04 findfont: score(<Font 'Segoe Print' (segoeprb.ttf) normal normal 700 normal>) = 10.335
20201209-22:38:04 findfont: score(<Font 'Times New Roman' (timesi.ttf) italic normal 400 normal>) = 11.05
20201209-22:38:04 findfont: score(<Font 'Segoe UI Emoji' (seguiemj.ttf) normal normal 400 normal>) = 10.05
20201209-22:38:04 findfont: score(<Font 'Constantia' (constanz.ttf) italic normal 700 normal>) = 11.335
20201209-22:38:04 findfont: score(<Font 'Mongolian Baiti' (monbaiti.ttf) normal normal 400 normal>) = 10.05
20201209-22:38:04 findfont: score(<Font 'Constantia' (constanz.ttf) italic normal 700 normal>) = 11.335
20201209-22:38:04 findfont: score(<Font 'MS Gothic' (msgothic.ttc) normal normal 400 normal>) = 10.05
20201209-22:38:04 findfont: score(<Font 'Segoe UI Historic' (seguihis.ttf) normal normal 400 normal>) = 10.05
20201209-22:38:04 findfont: score(<Font 'Candara' (Candara.ttf) normal normal 400 normal>) = 10.05
20201209-22:38:04 findfont: score(<Font 'Courier New' (cour.ttf) normal normal 400 normal>) = 10.05
20201209-22:38:04 findfont: score(<Font 'SimSun-ExtB' (simsunb.ttf) normal normal 400 normal>) = 10.05
20201209-22:38:04 findfont: score(<Font 'Comic Sans MS' (comicbd.ttf) normal normal 700 normal>) = 10.335
20201209-22:38:04 findfont: score(<Font 'Gadugi' (gadugi.ttf) normal normal 400 normal>) = 10.05
20201209-22:38:04 findfont: score(<Font 'Lucida Sans Unicode' (l_10646.ttf) normal normal 400 normal>) = 10.05
20201209-22:38:04 findfont: score(<Font 'Comic Sans MS' (comicbd.ttf) normal normal 700 normal>) = 10.335
20201209-22:38:04 findfont: score(<Font 'Palatino Linotype' (pala.ttf) normal normal 400 normal>) = 10.05
20201209-22:38:04 findfont: score(<Font 'Nirmala UI' (Nirmala.ttf) normal normal 400 normal>) = 10.05
20201209-22:38:04 findfont: score(<Font 'Nirmala UI' (NirmalaB.ttf) normal normal 700 normal>) = 10.335
20201209-22:38:04 findfont: score(<Font 'Segoe UI' (segoeuisl.ttf) normal normal 350 normal>) = 10.0975
20201209-22:38:04 findfont: score(<Font 'Calibri' (calibrii.ttf) italic normal 400 normal>) = 11.05
20201209-22:38:04 findfont: score(<Font 'Bahnschrift' (bahnschrift.ttf) normal normal 400 normal>) = 10.05
20201209-22:38:04 findfont: score(<Font 'Trebuchet MS' (trebucit.ttf) italic normal 400 normal>) = 11.05
20201209-22:38:04 findfont: score(<Font 'Arial' (arialbi.ttf) italic normal 700 normal>) = 7.698636363636363
20201209-22:38:04 findfont: score(<Font 'Microsoft YaHei' (msyhl.ttc) normal normal 290 normal>) = 10.1545
20201209-22:38:04 findfont: score(<Font 'Cambria' (cambriai.ttf) italic normal 400 normal>) = 11.05
20201209-22:38:04 findfont: score(<Font 'Segoe UI' (seguibl.ttf) normal normal 900 normal>) = 10.525
20201209-22:38:04 findfont: score(<Font 'Sitka Small' (Sitka.ttc) normal normal 400 normal>) = 10.05
20201209-22:38:04 findfont: score(<Font 'Georgia' (georgiaz.ttf) italic normal 700 normal>) = 11.335
20201209-22:38:04 findfont: score(<Font 'Segoe MDL2 Assets' (segmdl2.ttf) normal normal 400 normal>) = 10.05
20201209-22:38:04 findfont: score(<Font 'Segoe Print' (segoepr.ttf) normal normal 400 normal>) = 10.05
20201209-22:38:04 findfont: score(<Font 'Microsoft Himalaya' (himalaya.ttf) normal normal 400 normal>) = 10.05
20201209-22:38:04 findfont: score(<Font 'Arial' (arialbd.ttf) normal normal 700 normal>) = 6.698636363636363
20201209-22:38:04 findfont: score(<Font 'Courier New' (cour.ttf) normal normal 400 normal>) = 10.05
20201209-22:38:04 findfont: score(<Font 'Segoe UI' (seguili.ttf) italic normal 300 normal>) = 11.145
20201209-22:38:04 findfont: score(<Font 'Consolas' (consolaz.ttf) italic normal 700 normal>) = 11.335
20201209-22:38:04 findfont: score(<Font 'Corbel' (corbelb.ttf) normal normal 700 normal>) = 10.335
20201209-22:38:04 findfont: score(<Font 'Corbel' (corbel.ttf) normal normal 400 normal>) = 10.05
20201209-22:38:04 findfont: score(<Font 'Calibri' (calibrib.ttf) normal normal 700 normal>) = 10.335
20201209-22:38:04 findfont: score(<Font 'Franklin Gothic Medium' (framdit.ttf) italic normal 400 normal>) = 11.05
20201209-22:38:04 findfont: score(<Font 'Georgia' (georgia.ttf) normal normal 400 normal>) = 10.05
20201209-22:38:04 findfont: score(<Font 'Times New Roman' (times.ttf) normal normal 400 normal>) = 10.05
20201209-22:38:04 findfont: score(<Font 'Gadugi' (gadugib.ttf) normal normal 700 normal>) = 10.335
20201209-22:38:04 findfont: score(<Font 'Sitka Small' (SitkaB.ttc) normal normal 700 normal>) = 10.335
20201209-22:38:04 findfont: score(<Font 'Microsoft New Tai Lue' (ntailub.ttf) normal normal 700 normal>) = 10.335
20201209-22:38:04 findfont: score(<Font 'Microsoft PhagsPa' (phagspab.ttf) normal normal 700 normal>) = 10.335
20201209-22:38:04 findfont: score(<Font 'Verdana' (verdanaz.ttf) italic normal 700 normal>) = 4.971363636363637
20201209-22:38:04 findfont: score(<Font 'Consolas' (consolab.ttf) normal normal 700 normal>) = 10.335
20201209-22:38:04 findfont: score(<Font 'Lucida Sans Unicode' (l_10646.ttf) normal normal 400 normal>) = 10.05
20201209-22:38:04 findfont: score(<Font 'Times New Roman' (timesi.ttf) italic normal 400 normal>) = 11.05
20201209-22:38:04 findfont: score(<Font 'Gabriola' (Gabriola.ttf) normal normal 400 normal>) = 10.05
20201209-22:38:04 findfont: score(<Font 'MingLiU-ExtB' (mingliub.ttc) normal normal 400 normal>) = 10.05
20201209-22:38:04 findfont: score(<Font 'Calibri' (calibril.ttf) normal normal 300 normal>) = 10.145
20201209-22:38:04 findfont: score(<Font 'Malgun Gothic' (malgunsl.ttf) normal normal 300 normal>) = 10.145
20201209-22:38:04 findfont: score(<Font 'Comic Sans MS' (comic.ttf) normal normal 400 normal>) = 10.05
20201209-22:38:04 findfont: score(<Font 'Segoe Script' (segoescb.ttf) normal normal 700 normal>) = 10.335
20201209-22:38:04 findfont: score(<Font 'Trebuchet MS' (trebucbd.ttf) normal normal 700 normal>) = 10.335
20201209-22:38:04 findfont: score(<Font 'Sitka Small' (Sitka.ttc) normal normal 400 normal>) = 10.05
20201209-22:38:04 findfont: score(<Font 'Yu Gothic' (YuGothL.ttc) normal normal 300 normal>) = 10.145
20201209-22:38:04 findfont: score(<Font 'Corbel' (corbelz.ttf) italic normal 700 normal>) = 11.335
20201209-22:38:04 findfont: score(<Font 'Microsoft Tai Le' (taile.ttf) normal normal 400 normal>) = 10.05
20201209-22:38:04 findfont: score(<Font 'Courier New' (courbd.ttf) normal normal 700 normal>) = 10.335
20201209-22:38:04 findfont: score(<Font 'Segoe UI Symbol' (seguisym.ttf) normal normal 400 normal>) = 10.05
20201209-22:38:04 findfont: score(<Font 'Leelawadee UI' (LeelaUIb.ttf) normal normal 700 normal>) = 10.335
20201209-22:38:04 findfont: score(<Font 'Calibri' (calibrili.ttf) italic normal 300 normal>) = 11.145
20201209-22:38:04 findfont: score(<Font 'Courier New' (couri.ttf) italic normal 400 normal>) = 11.05
20201209-22:38:04 findfont: score(<Font 'Microsoft Sans Serif' (micross.ttf) normal normal 400 normal>) = 10.05
20201209-22:38:04 findfont: score(<Font 'Segoe Script' (segoescb.ttf) normal normal 700 normal>) = 10.335
20201209-22:38:04 findfont: score(<Font 'Microsoft PhagsPa' (phagspa.ttf) normal normal 400 normal>) = 10.05
20201209-22:38:04 findfont: score(<Font 'Segoe UI' (seguisb.ttf) normal normal 600 normal>) = 10.24
20201209-22:38:04 findfont: score(<Font 'Arial' (arial.ttf) normal normal 400 normal>) = 6.413636363636363
20201209-22:38:04 findfont: score(<Font 'Georgia' (georgia.ttf) normal normal 400 normal>) = 10.05
20201209-22:38:04 findfont: score(<Font 'Verdana' (verdana.ttf) normal normal 400 normal>) = 3.6863636363636365
20201209-22:38:04 findfont: score(<Font 'Microsoft JhengHei' (msjhl.ttc) normal normal 290 normal>) = 10.1545
20201209-22:38:04 findfont: score(<Font 'Courier New' (courbi.ttf) italic normal 700 normal>) = 11.335
20201209-22:38:04 findfont: score(<Font 'Consolas' (consolai.ttf) italic normal 400 normal>) = 11.05
20201209-22:38:04 findfont: score(<Font 'Ebrima' (ebrimabd.ttf) normal normal 700 normal>) = 10.335
20201209-22:38:04 findfont: score(<Font 'Segoe Print' (segoeprb.ttf) normal normal 700 normal>) = 10.335
20201209-22:38:04 findfont: score(<Font 'Georgia' (georgiab.ttf) normal normal 700 normal>) = 10.335
20201209-22:38:04 findfont: score(<Font 'HoloLens MDL2 Assets' (holomdl2.ttf) normal normal 400 normal>) = 10.05
20201209-22:38:04 findfont: score(<Font 'Gadugi' (gadugi.ttf) normal normal 400 normal>) = 10.05
20201209-22:38:04 findfont: score(<Font 'Segoe UI' (seguibli.ttf) italic normal 900 normal>) = 11.525
20201209-22:38:04 findfont: score(<Font 'HoloLens MDL2 Assets' (holomdl2.ttf) normal normal 400 normal>) = 10.05
20201209-22:38:04 findfont: score(<Font 'Marlett' (marlett.ttf) normal normal 500 normal>) = 10.145
20201209-22:38:04 findfont: score(<Font 'Leelawadee UI' (LeelUIsl.ttf) normal normal 350 normal>) = 10.0975
20201209-22:38:04 findfont: score(<Font 'Calibri' (calibri.ttf) normal normal 400 normal>) = 10.05
20201209-22:38:04 findfont: score(<Font 'Verdana' (verdana.ttf) normal normal 400 normal>) = 3.6863636363636365
20201209-22:38:04 findfont: score(<Font 'Calibri' (calibril.ttf) normal normal 300 normal>) = 10.145
20201209-22:38:04 findfont: score(<Font 'Microsoft PhagsPa' (phagspab.ttf) normal normal 700 normal>) = 10.335
20201209-22:38:04 findfont: score(<Font 'Segoe UI' (seguibli.ttf) italic normal 900 normal>) = 11.525
20201209-22:38:04 findfont: score(<Font 'Arial' (arialbi.ttf) italic normal 700 normal>) = 7.698636363636363
20201209-22:38:04 findfont: score(<Font 'Verdana' (verdanai.ttf) italic normal 400 normal>) = 4.6863636363636365
20201209-22:38:04 findfont: score(<Font 'Sitka Small' (SitkaZ.ttc) italic normal 700 normal>) = 11.335
20201209-22:38:04 findfont: score(<Font 'Calibri' (calibrii.ttf) italic normal 400 normal>) = 11.05
20201209-22:38:04 findfont: score(<Font 'Times New Roman' (timesbi.ttf) italic normal 700 normal>) = 11.335
20201209-22:38:04 findfont: score(<Font 'Consolas' (consola.ttf) normal normal 400 normal>) = 10.05
20201209-22:38:04 findfont: score(<Font 'Comic Sans MS' (comici.ttf) italic normal 400 normal>) = 11.05
20201209-22:38:04 findfont: score(<Font 'Segoe UI Historic' (seguihis.ttf) normal normal 400 normal>) = 10.05
20201209-22:38:04 findfont: score(<Font 'Georgia' (georgiai.ttf) italic normal 400 normal>) = 11.05
20201209-22:38:04 findfont: score(<Font 'Microsoft JhengHei' (msjhbd.ttc) normal normal 700 normal>) = 10.335
20201209-22:38:04 findfont: score(<Font 'Constantia' (constani.ttf) italic normal 400 normal>) = 11.05
20201209-22:38:04 findfont: score(<Font 'Microsoft Tai Le' (taile.ttf) normal normal 400 normal>) = 10.05
20201209-22:38:04 findfont: score(<Font 'Palatino Linotype' (palai.ttf) italic normal 400 normal>) = 11.05
20201209-22:38:04 findfont: score(<Font 'Tahoma' (tahoma.ttf) normal normal 400 normal>) = 10.05
20201209-22:38:04 findfont: score(<Font 'Cambria' (cambriai.ttf) italic normal 400 normal>) = 11.05
20201209-22:38:04 findfont: score(<Font 'Javanese Text' (javatext.ttf) normal normal 400 normal>) = 10.05
20201209-22:38:04 findfont: score(<Font 'Segoe UI' (segoeuil.ttf) normal normal 300 normal>) = 10.145
20201209-22:38:04 findfont: score(<Font 'Segoe UI' (seguisbi.ttf) italic normal 600 normal>) = 11.24
20201209-22:38:04 findfont: score(<Font 'Gabriola' (Gabriola.ttf) normal normal 400 normal>) = 10.05
20201209-22:38:04 findfont: score(<Font 'Palatino Linotype' (palabi.ttf) italic normal 700 normal>) = 11.335
20201209-22:38:04 findfont: score(<Font 'Arial' (ariblk.ttf) normal normal 900 normal>) = 6.888636363636364
20201209-22:38:04 findfont: score(<Font 'Microsoft Tai Le' (taileb.ttf) normal normal 700 normal>) = 10.335
20201209-22:38:04 findfont: score(<Font 'Segoe UI' (seguili.ttf) italic normal 300 normal>) = 11.145
20201209-22:38:04 findfont: score(<Font 'Segoe UI Symbol' (seguisym.ttf) normal normal 400 normal>) = 10.05
20201209-22:38:04 findfont: score(<Font 'Nirmala UI' (NirmalaB.ttf) normal normal 700 normal>) = 10.335
20201209-22:38:04 findfont: score(<Font 'Comic Sans MS' (comicz.ttf) italic normal 700 normal>) = 11.335
20201209-22:38:04 findfont: score(<Font 'Yu Gothic' (YuGothR.ttc) normal normal 400 normal>) = 10.05
20201209-22:38:04 findfont: score(<Font 'Verdana' (verdanaz.ttf) italic normal 700 normal>) = 4.971363636363637
20201209-22:38:04 findfont: score(<Font 'Malgun Gothic' (malgunsl.ttf) normal normal 300 normal>) = 10.145
20201209-22:38:04 findfont: score(<Font 'Gadugi' (gadugib.ttf) normal normal 700 normal>) = 10.335
20201209-22:38:04 findfont: score(<Font 'Verdana' (verdanab.ttf) normal normal 700 normal>) = 3.9713636363636367
20201209-22:38:04 findfont: score(<Font 'Calibri' (calibriz.ttf) italic normal 700 normal>) = 11.335
20201209-22:38:04 findfont: score(<Font 'Malgun Gothic' (malgunbd.ttf) normal normal 700 normal>) = 10.335
20201209-22:38:04 findfont: score(<Font 'Franklin Gothic Medium' (framd.ttf) normal normal 400 normal>) = 10.05
20201209-22:38:04 findfont: score(<Font 'Palatino Linotype' (palabi.ttf) italic normal 700 normal>) = 11.335
20201209-22:38:04 findfont: score(<Font 'Microsoft Yi Baiti' (msyi.ttf) normal normal 400 normal>) = 10.05
20201209-22:38:04 findfont: score(<Font 'Consolas' (consolab.ttf) normal normal 700 normal>) = 10.335
20201209-22:38:04 findfont: score(<Font 'Symbol' (symbol.ttf) normal normal 400 normal>) = 10.05
20201209-22:38:04 findfont: score(<Font 'Trebuchet MS' (trebuc.ttf) normal normal 400 normal>) = 10.05
20201209-22:38:04 findfont: score(<Font 'Segoe Print' (segoepr.ttf) normal normal 400 normal>) = 10.05
20201209-22:38:04 findfont: score(<Font 'Sitka Small' (SitkaI.ttc) italic normal 400 normal>) = 11.05
20201209-22:38:04 findfont: score(<Font 'Corbel' (corbeli.ttf) italic normal 400 normal>) = 11.05
20201209-22:38:04 findfont: score(<Font 'Corbel' (corbell.ttf) normal normal 300 normal>) = 10.145
20201209-22:38:04 findfont: score(<Font 'Constantia' (constan.ttf) normal normal 400 normal>) = 10.05
20201209-22:38:04 findfont: score(<Font 'Candara' (Candara.ttf) normal normal 400 normal>) = 10.05
20201209-22:38:04 findfont: score(<Font 'Constantia' (constani.ttf) italic normal 400 normal>) = 11.05
20201209-22:38:04 findfont: score(<Font 'Microsoft JhengHei' (msjhl.ttc) normal normal 290 normal>) = 10.1545
20201209-22:38:04 findfont: score(<Font 'Microsoft Yi Baiti' (msyi.ttf) normal normal 400 normal>) = 10.05
20201209-22:38:04 findfont: score(<Font 'Times New Roman' (times.ttf) normal normal 400 normal>) = 10.05
20201209-22:38:04 findfont: score(<Font 'Corbel' (corbelz.ttf) italic normal 700 normal>) = 11.335
20201209-22:38:04 findfont: score(<Font 'Yu Gothic' (YuGothR.ttc) normal normal 400 normal>) = 10.05
20201209-22:38:04 findfont: score(<Font 'Georgia' (georgiab.ttf) normal normal 700 normal>) = 10.335
20201209-22:38:04 findfont: score(<Font 'Malgun Gothic' (malgunbd.ttf) normal normal 700 normal>) = 10.335
20201209-22:38:04 findfont: score(<Font 'Ebrima' (ebrima.ttf) normal normal 400 normal>) = 10.05
20201209-22:38:04 findfont: score(<Font 'Segoe UI' (segoeui.ttf) normal normal 400 normal>) = 10.05
20201209-22:38:04 findfont: score(<Font 'Georgia' (georgiai.ttf) italic normal 400 normal>) = 11.05
20201209-22:38:04 findfont: score(<Font 'Lucida Console' (lucon.ttf) normal normal 400 normal>) = 10.05
20201209-22:38:04 findfont: score(<Font 'Sitka Small' (SitkaZ.ttc) italic normal 700 normal>) = 11.335
20201209-22:38:04 findfont: score(<Font 'Times New Roman' (timesbd.ttf) normal normal 700 normal>) = 10.335
20201209-22:38:04 findfont: score(<Font 'Lucida Console' (lucon.ttf) normal normal 400 normal>) = 10.05
20201209-22:38:04 findfont: score(<Font 'Consolas' (consolai.ttf) italic normal 400 normal>) = 11.05
20201209-22:38:04 findfont: score(<Font 'Ebrima' (ebrimabd.ttf) normal normal 700 normal>) = 10.335
20201209-22:38:04 findfont: score(<Font 'Webdings' (webdings.ttf) normal normal 400 normal>) = 10.05
20201209-22:38:04 findfont: score(<Font 'Trebuchet MS' (trebucbi.ttf) italic normal 700 normal>) = 11.335
20201209-22:38:04 findfont: score(<Font 'Microsoft JhengHei' (msjhbd.ttc) normal normal 700 normal>) = 10.335
20201209-22:38:04 findfont: score(<Font 'Microsoft Tai Le' (taileb.ttf) normal normal 700 normal>) = 10.335
20201209-22:38:04 findfont: score(<Font 'Microsoft Sans Serif' (micross.ttf) normal normal 400 normal>) = 10.05
20201209-22:38:04 findfont: score(<Font 'Palatino Linotype' (palai.ttf) italic normal 400 normal>) = 11.05
20201209-22:38:04 findfont: score(<Font 'Microsoft YaHei' (msyh.ttc) normal normal 400 normal>) = 10.05
20201209-22:38:04 findfont: score(<Font 'SimSun' (simsun.ttc) normal normal 400 normal>) = 10.05
20201209-22:38:04 findfont: score(<Font 'Segoe MDL2 Assets' (segmdl2.ttf) normal normal 400 normal>) = 10.05
20201209-22:38:04 findfont: score(<Font 'Arial' (ariali.ttf) italic normal 400 normal>) = 7.413636363636363
20201209-22:38:04 findfont: score(<Font 'Yu Gothic' (YuGothM.ttc) normal normal 500 normal>) = 10.145
20201209-22:38:04 findfont: score(<Font 'Candara' (Candarai.ttf) italic normal 400 normal>) = 11.05
20201209-22:38:04 findfont: score(<Font 'Courier New' (courbi.ttf) italic normal 700 normal>) = 11.335
20201209-22:38:04 findfont: score(<Font 'Sylfaen' (sylfaen.ttf) normal normal 400 normal>) = 10.05
20201209-22:38:04 findfont: score(<Font 'Constantia' (constanb.ttf) normal normal 700 normal>) = 10.335
20201209-22:38:04 findfont: score(<Font 'Candara' (Candaral.ttf) normal normal 400 normal>) = 10.05
20201209-22:38:04 findfont: score(<Font 'Cambria' (cambriaz.ttf) italic normal 700 normal>) = 11.335
20201209-22:38:04 findfont: score(<Font 'Tahoma' (tahomabd.ttf) normal normal 700 normal>) = 10.335
20201209-22:38:04 findfont: score(<Font 'Verdana' (verdanai.ttf) italic normal 400 normal>) = 4.6863636363636365
20201209-22:38:04 findfont: score(<Font 'Microsoft YaHei' (msyh.ttc) normal normal 400 normal>) = 10.05
20201209-22:38:04 findfont: score(<Font 'Franklin Gothic Medium' (framd.ttf) normal normal 400 normal>) = 10.05
20201209-22:38:04 findfont: score(<Font 'Segoe UI' (seguisli.ttf) italic normal 350 normal>) = 11.0975
20201209-22:38:04 findfont: score(<Font 'Verdana' (verdanab.ttf) normal normal 700 normal>) = 3.9713636363636367
20201209-22:38:04 findfont: score(<Font 'Segoe UI' (segoeuii.ttf) italic normal 400 normal>) = 11.05
20201209-22:38:04 findfont: score(<Font 'Corbel' (corbell.ttf) normal normal 300 normal>) = 10.145
20201209-22:38:04 findfont: score(<Font 'Trebuchet MS' (trebuc.ttf) normal normal 400 normal>) = 10.05
20201209-22:38:04 findfont: score(<Font 'Arial' (arialbd.ttf) normal normal 700 normal>) = 6.698636363636363
20201209-22:38:04 findfont: score(<Font 'Bahnschrift' (bahnschrift.ttf) normal normal 400 normal>) = 10.05
20201209-22:38:04 findfont: score(<Font 'Corbel' (corbelli.ttf) italic normal 300 normal>) = 11.145
20201209-22:38:04 findfont: score(<Font 'Courier New' (courbd.ttf) normal normal 700 normal>) = 10.335
20201209-22:38:04 findfont: score(<Font 'Segoe UI' (segoeuib.ttf) normal normal 700 normal>) = 10.335
20201209-22:38:04 findfont: score(<Font 'Leelawadee UI' (LeelawUI.ttf) normal normal 400 normal>) = 10.05
20201209-22:38:04 findfont: score(<Font 'Constantia' (constanb.ttf) normal normal 700 normal>) = 10.335
20201209-22:38:04 findfont: score(<Font 'Arial' (ariali.ttf) italic normal 400 normal>) = 7.413636363636363
20201209-22:38:04 findfont: score(<Font 'Malgun Gothic' (malgun.ttf) normal normal 400 normal>) = 10.05
20201209-22:38:04 findfont: score(<Font 'Consolas' (consola.ttf) normal normal 400 normal>) = 10.05
20201209-22:38:04 findfont: score(<Font 'Myanmar Text' (mmrtext.ttf) normal normal 400 normal>) = 10.05
20201209-22:38:04 findfont: score(<Font 'Microsoft YaHei' (msyhbd.ttc) normal normal 700 normal>) = 10.335
20201209-22:38:04 findfont: score(<Font 'Segoe UI' (segoeui.ttf) normal normal 400 normal>) = 10.05
20201209-22:38:04 findfont: score(<Font 'Ink Free' (Inkfree.ttf) normal normal 400 normal>) = 10.05
20201209-22:38:04 findfont: score(<Font 'Wingdings' (wingding.ttf) normal normal 400 normal>) = 10.05
20201209-22:38:04 findfont: score(<Font 'Calibri' (calibri.ttf) normal normal 400 normal>) = 10.05
20201209-22:38:04 findfont: score(<Font 'Segoe UI' (segoeuil.ttf) normal normal 300 normal>) = 10.145
20201209-22:38:04 findfont: score(<Font 'Sitka Small' (SitkaB.ttc) normal normal 700 normal>) = 10.335
20201209-22:38:04 findfont: score(<Font 'Segoe UI' (seguisli.ttf) italic normal 350 normal>) = 11.0975
20201209-22:38:04 findfont: score(<Font 'Candara' (Candarali.ttf) italic normal 400 normal>) = 11.05
20201209-22:38:04 findfont: score(<Font 'Segoe UI' (segoeuiz.ttf) italic normal 700 normal>) = 11.335
20201209-22:38:04 findfont: score(<Font 'SimSun-ExtB' (simsunb.ttf) normal normal 400 normal>) = 10.05
20201209-22:38:04 findfont: score(<Font 'Tahoma' (tahoma.ttf) normal normal 400 normal>) = 10.05
20201209-22:38:04 findfont: score(<Font 'Mongolian Baiti' (monbaiti.ttf) normal normal 400 normal>) = 10.05
20201209-22:38:04 findfont: score(<Font 'Segoe UI' (segoeuib.ttf) normal normal 700 normal>) = 10.335
20201209-22:38:04 findfont: score(<Font 'Arial' (arial.ttf) normal normal 400 normal>) = 6.413636363636363
20201209-22:38:04 findfont: score(<Font 'Trebuchet MS' (trebucbd.ttf) normal normal 700 normal>) = 10.335
20201209-22:38:04 findfont: score(<Font 'Nirmala UI' (Nirmala.ttf) normal normal 400 normal>) = 10.05
20201209-22:38:04 findfont: score(<Font 'Calibri' (calibriz.ttf) italic normal 700 normal>) = 11.335
20201209-22:38:04 findfont: score(<Font 'Segoe Script' (segoesc.ttf) normal normal 400 normal>) = 10.05
20201209-22:38:04 findfont: Matching sans\-serif:style=normal:variant=normal:weight=normal:stretch=normal:size=10.0 to DejaVu Sans ('D:\\VS Project\\MinutiaeNot\\venv\\lib\\site-packages\\matplotlib\\mpl-data\\fonts\\ttf\\DejaVuSans.ttf') with score of 0.050000.
